<?xml version="1.0" encoding="UTF-8"?>
<testng-results skipped="1" failed="0" ignored="0" total="1" passed="0">
  <reporter-output>
  </reporter-output>
  <suite name="Default suite" duration-ms="93" started-at="2018-08-02T09:15:54Z" finished-at="2018-08-02T09:15:54Z">
    <groups>
    </groups>
    <test name="Default test" duration-ms="93" started-at="2018-08-02T09:15:54Z" finished-at="2018-08-02T09:15:54Z">
      <class name="Common.Sample">
        <test-method status="FAIL" signature="setUp(java.lang.String)[pri:0, instance:Common.Sample@66a3ffec]" name="setUp" is-config="true" duration-ms="0" started-at="2018-08-02T14:45:54Z" finished-at="2018-08-02T14:45:54Z">
          <exception class="org.testng.TestNGException">
            <message>
              <![CDATA[Parameter 'browser' is required by BeforeTest on method setUp but has not been marked @Optional or definedin /tmp/testng-eclipse-1289368722/testng-customsuite.xml]]>
            </message>
            <full-stacktrace>
              <![CDATA[org.testng.TestNGException: Parameter 'browser' is required by BeforeTest on method setUp but has not been marked @Optional or definedin /tmp/testng-eclipse-1289368722/testng-customsuite.xmlat org.testng.internal.Parameters.createParams(Parameters.java:290)at org.testng.internal.Parameters.createParametersForMethod(Parameters.java:359)at org.testng.internal.Parameters.createParameters(Parameters.java:620)at org.testng.internal.Parameters.createConfigurationParameters(Parameters.java:190)at org.testng.internal.Invoker.invokeConfigurations(Invoker.java:209)at org.testng.internal.Invoker.invokeConfigurations(Invoker.java:142)at org.testng.TestRunner.beforeRun(TestRunner.java:529)at org.testng.TestRunner.run(TestRunner.java:497)at org.testng.SuiteRunner.runTest(SuiteRunner.java:455)at org.testng.SuiteRunner.runSequentially(SuiteRunner.java:450)at org.testng.SuiteRunner.privateRun(SuiteRunner.java:415)at org.testng.SuiteRunner.run(SuiteRunner.java:364)at org.testng.SuiteRunnerWorker.runSuite(SuiteRunnerWorker.java:52)at org.testng.SuiteRunnerWorker.run(SuiteRunnerWorker.java:84)at org.testng.TestNG.runSuitesSequentially(TestNG.java:1187)at org.testng.TestNG.runSuitesLocally(TestNG.java:1116)at org.testng.TestNG.runSuites(TestNG.java:1028)at org.testng.TestNG.run(TestNG.java:996)at org.testng.remote.AbstractRemoteTestNG.run(AbstractRemoteTestNG.java:114)at org.testng.remote.RemoteTestNG.initAndRun(RemoteTestNG.java:251)at org.testng.remote.RemoteTestNG.main(RemoteTestNG.java:77)]]>
            </full-stacktrace>
          </exception> <!-- org.testng.TestNGException -->
          <reporter-output>
          </reporter-output>
        </test-method> <!-- setUp -->
        <test-method status="SKIP" signature="test_GettingAllSectionNames_WSDK001()[pri:1, instance:Common.Sample@66a3ffec]" name="test_GettingAllSectionNames_WSDK001" duration-ms="0" started-at="2018-08-02T14:45:54Z" description="Getting all section names in the HomePage" finished-at="2018-08-02T14:45:54Z">
          <exception class="org.testng.TestNGException">
            <message>
              <![CDATA[Parameter 'browser' is required by BeforeTest on method setUp but has not been marked @Optional or definedin /tmp/testng-eclipse-1289368722/testng-customsuite.xml]]>
            </message>
            <full-stacktrace>
              <![CDATA[org.testng.TestNGException: Parameter 'browser' is required by BeforeTest on method setUp but has not been marked @Optional or definedin /tmp/testng-eclipse-1289368722/testng-customsuite.xmlat org.testng.internal.Parameters.createParams(Parameters.java:290)at org.testng.internal.Parameters.createParametersForMethod(Parameters.java:359)at org.testng.internal.Parameters.createParameters(Parameters.java:620)at org.testng.internal.Parameters.createConfigurationParameters(Parameters.java:190)at org.testng.internal.Invoker.invokeConfigurations(Invoker.java:209)at org.testng.internal.Invoker.invokeConfigurations(Invoker.java:142)at org.testng.TestRunner.beforeRun(TestRunner.java:529)at org.testng.TestRunner.run(TestRunner.java:497)at org.testng.SuiteRunner.runTest(SuiteRunner.java:455)at org.testng.SuiteRunner.runSequentially(SuiteRunner.java:450)at org.testng.SuiteRunner.privateRun(SuiteRunner.java:415)at org.testng.SuiteRunner.run(SuiteRunner.java:364)at org.testng.SuiteRunnerWorker.runSuite(SuiteRunnerWorker.java:52)at org.testng.SuiteRunnerWorker.run(SuiteRunnerWorker.java:84)at org.testng.TestNG.runSuitesSequentially(TestNG.java:1187)at org.testng.TestNG.runSuitesLocally(TestNG.java:1116)at org.testng.TestNG.runSuites(TestNG.java:1028)at org.testng.TestNG.run(TestNG.java:996)at org.testng.remote.AbstractRemoteTestNG.run(AbstractRemoteTestNG.java:114)at org.testng.remote.RemoteTestNG.initAndRun(RemoteTestNG.java:251)at org.testng.remote.RemoteTestNG.main(RemoteTestNG.java:77)]]>
            </full-stacktrace>
          </exception> <!-- org.testng.TestNGException -->
          <reporter-output>
          </reporter-output>
        </test-method> <!-- test_GettingAllSectionNames_WSDK001 -->
        <test-method status="SKIP" signature="tearDown()[pri:0, instance:Common.Sample@66a3ffec]" name="tearDown" is-config="true" duration-ms="0" started-at="2018-08-02T14:45:54Z" finished-at="2018-08-02T14:45:54Z">
          <reporter-output>
          </reporter-output>
        </test-method> <!-- tearDown -->
      </class> <!-- Common.Sample -->
    </test> <!-- Default test -->
  </suite> <!-- Default suite -->
</testng-results>
