<?xml version="1.0" encoding="UTF-8"?>
<!-- Generated by org.testng.reporters.JUnitReportReporter -->
<testsuite skipped="0" hostname="ubuntu2" name="TestScripts.srtphone" tests="42" failures="1" timestamp="07 Mar 2018 06:42:24 GMT" time="467.531" errors="1">
  <testcase name="test_SrtPhoneoverviewGettingAllSections_WSDK064" time="12.746" classname="TestScripts.srtphone"/>
  <testcase name="test_clickingOnLinksinsrtphoneOverviewpage_WSDK065" time="10.080" classname="TestScripts.srtphone"/>
  <testcase name="test_srtphoneoverviewHeader_WSDK066" time="17.338" classname="TestScripts.srtphone"/>
  <testcase name="test_srtphoneoverviewfooter_WSDK067" time="47.904" classname="TestScripts.srtphone"/>
  <testcase name="test_srtphoneverviewHeaderAndFooterCSS_WSDK068" time="0.099" classname="TestScripts.srtphone"/>
  <testcase name="test_GettingBackgroundImageOfsrtphoneOverviewPage_WSDK069" time="1.403" classname="TestScripts.srtphone">
    <error type="org.openqa.selenium.NoSuchElementException" message="no such element: Unable to locate element: {&quot;method&quot;:&quot;xpath&quot;,&quot;selector&quot;:&quot;.//*[@class=&#039;main-wrapper vi-hidden js-main-wrapper&#039;]/section[9]&quot;}
  (Session info: chrome=64.0.3282.186)
  (Driver info: chromedriver=2.35.528139 (47ead77cb35ad2a9a83248b292151462a66cd881),platform=Linux 4.10.0-42-generic x86_64) (WARNING: The server did not provide any stacktrace information)
Command duration or timeout: 0 milliseconds
For documentation on this error, please visit: http://seleniumhq.org/exceptions/no_such_element.html
Build info: version: &#039;3.6.0&#039;, revision: &#039;6fbf3ec767&#039;, time: &#039;2017-09-27T16:15:26.402Z&#039;
System info: host: &#039;ubuntu2&#039;, ip: &#039;127.0.1.1&#039;, os.name: &#039;Linux&#039;, os.arch: &#039;amd64&#039;, os.version: &#039;4.10.0-42-generic&#039;, java.version: &#039;1.8.0_151&#039;
Driver info: org.openqa.selenium.chrome.ChromeDriver
Capabilities [{mobileEmulationEnabled=false, hasTouchScreen=false, platform=LINUX, acceptSslCerts=false, acceptInsecureCerts=false, webStorageEnabled=true, browserName=chrome, takesScreenshot=true, javascriptEnabled=true, platformName=LINUX, setWindowRect=true, unexpectedAlertBehaviour=, applicationCacheEnabled=false, rotatable=false, networkConnectionEnabled=false, chrome={chromedriverVersion=2.35.528139 (47ead77cb35ad2a9a83248b292151462a66cd881), userDataDir=/tmp/.org.chromium.Chromium.CMAx42}, takesHeapSnapshot=true, pageLoadStrategy=normal, unhandledPromptBehavior=, databaseEnabled=false, handlesAlerts=true, version=64.0.3282.186, browserConnectionEnabled=false, nativeEvents=true, locationContextEnabled=true, cssSelectorsEnabled=true}]
Session ID: 32727dbaa373790c52de0e002d54563a
*** Element info: {Using=xpath, value=.//*[@class=&#039;main-wrapper vi-hidden js-main-wrapper&#039;]/section[9]}">
      <![CDATA[org.openqa.selenium.NoSuchElementException: no such element: Unable to locate element: {"method":"xpath","selector":".//*[@class='main-wrapper vi-hidden js-main-wrapper']/section[9]"}  (Session info: chrome=64.0.3282.186)  (Driver info: chromedriver=2.35.528139 (47ead77cb35ad2a9a83248b292151462a66cd881),platform=Linux 4.10.0-42-generic x86_64) (WARNING: The server did not provide any stacktrace information)Command duration or timeout: 0 millisecondsFor documentation on this error, please visit: http://seleniumhq.org/exceptions/no_such_element.htmlBuild info: version: '3.6.0', revision: '6fbf3ec767', time: '2017-09-27T16:15:26.402Z'System info: host: 'ubuntu2', ip: '127.0.1.1', os.name: 'Linux', os.arch: 'amd64', os.version: '4.10.0-42-generic', java.version: '1.8.0_151'Driver info: org.openqa.selenium.chrome.ChromeDriverCapabilities [{mobileEmulationEnabled=false, hasTouchScreen=false, platform=LINUX, acceptSslCerts=false, acceptInsecureCerts=false, webStorageEnabled=true, browserName=chrome, takesScreenshot=true, javascriptEnabled=true, platformName=LINUX, setWindowRect=true, unexpectedAlertBehaviour=, applicationCacheEnabled=false, rotatable=false, networkConnectionEnabled=false, chrome={chromedriverVersion=2.35.528139 (47ead77cb35ad2a9a83248b292151462a66cd881), userDataDir=/tmp/.org.chromium.Chromium.CMAx42}, takesHeapSnapshot=true, pageLoadStrategy=normal, unhandledPromptBehavior=, databaseEnabled=false, handlesAlerts=true, version=64.0.3282.186, browserConnectionEnabled=false, nativeEvents=true, locationContextEnabled=true, cssSelectorsEnabled=true}]Session ID: 32727dbaa373790c52de0e002d54563a*** Element info: {Using=xpath, value=.//*[@class='main-wrapper vi-hidden js-main-wrapper']/section[9]}at sun.reflect.NativeConstructorAccessorImpl.newInstance0(Native Method)at sun.reflect.NativeConstructorAccessorImpl.newInstance(NativeConstructorAccessorImpl.java:62)at sun.reflect.DelegatingConstructorAccessorImpl.newInstance(DelegatingConstructorAccessorImpl.java:45)at java.lang.reflect.Constructor.newInstance(Constructor.java:423)at org.openqa.selenium.remote.ErrorHandler.createThrowable(ErrorHandler.java:214)at org.openqa.selenium.remote.ErrorHandler.throwIfResponseFailed(ErrorHandler.java:166)at org.openqa.selenium.remote.http.JsonHttpResponseCodec.reconstructValue(JsonHttpResponseCodec.java:40)at org.openqa.selenium.remote.http.AbstractHttpResponseCodec.decode(AbstractHttpResponseCodec.java:82)at org.openqa.selenium.remote.http.AbstractHttpResponseCodec.decode(AbstractHttpResponseCodec.java:45)at org.openqa.selenium.remote.HttpCommandExecutor.execute(HttpCommandExecutor.java:164)at org.openqa.selenium.remote.service.DriverCommandExecutor.execute(DriverCommandExecutor.java:83)at org.openqa.selenium.remote.RemoteWebDriver.execute(RemoteWebDriver.java:586)at org.openqa.selenium.remote.RemoteWebDriver.findElement(RemoteWebDriver.java:356)at org.openqa.selenium.remote.RemoteWebDriver.findElementByXPath(RemoteWebDriver.java:458)at org.openqa.selenium.By$ByXPath.findElement(By.java:361)at org.openqa.selenium.remote.RemoteWebDriver.findElement(RemoteWebDriver.java:348)at Common.MethodsCalling.BackgroundImageOfSection9(MethodsCalling.java:2283)at TestScripts.srtphone.test_GettingBackgroundImageOfsrtphoneOverviewPage_WSDK069(srtphone.java:342)at sun.reflect.NativeMethodAccessorImpl.invoke0(Native Method)at sun.reflect.NativeMethodAccessorImpl.invoke(NativeMethodAccessorImpl.java:62)at sun.reflect.DelegatingMethodAccessorImpl.invoke(DelegatingMethodAccessorImpl.java:43)at java.lang.reflect.Method.invoke(Method.java:498)at org.testng.internal.MethodInvocationHelper.invokeMethod(MethodInvocationHelper.java:124)at org.testng.internal.Invoker.invokeMethod(Invoker.java:571)at org.testng.internal.Invoker.invokeTestMethod(Invoker.java:707)at org.testng.internal.Invoker.invokeTestMethods(Invoker.java:979)at org.testng.internal.TestMethodWorker.invokeTestMethods(TestMethodWorker.java:125)at org.testng.internal.TestMethodWorker.run(TestMethodWorker.java:109)at org.testng.TestRunner.privateRun(TestRunner.java:648)at org.testng.TestRunner.run(TestRunner.java:505)at org.testng.SuiteRunner.runTest(SuiteRunner.java:455)at org.testng.SuiteRunner.runSequentially(SuiteRunner.java:450)at org.testng.SuiteRunner.privateRun(SuiteRunner.java:415)at org.testng.SuiteRunner.run(SuiteRunner.java:364)at org.testng.SuiteRunnerWorker.runSuite(SuiteRunnerWorker.java:52)at org.testng.SuiteRunnerWorker.run(SuiteRunnerWorker.java:84)at org.testng.TestNG.runSuitesSequentially(TestNG.java:1187)at org.testng.TestNG.runSuitesLocally(TestNG.java:1116)at org.testng.TestNG.runSuites(TestNG.java:1028)at org.testng.TestNG.run(TestNG.java:996)at org.testng.remote.AbstractRemoteTestNG.run(AbstractRemoteTestNG.java:114)at org.testng.remote.RemoteTestNG.initAndRun(RemoteTestNG.java:251)at org.testng.remote.RemoteTestNG.main(RemoteTestNG.java:77)]]>
    </error>
  </testcase> <!-- test_GettingBackgroundImageOfsrtphoneOverviewPage_WSDK069 -->
  <testcase name="test_GettingCSSOFHeadingAndParagraphInsrtphonePOverviewPage_WSDK070" time="0.293" classname="TestScripts.srtphone"/>
  <testcase name="test_CheckingForimagesInthesrtphoneOverviewPage_WSDK055" time="0.160" classname="TestScripts.srtphone"/>
  <testcase name="test_SpellcheckinsrtphoneOverviewPage_WSDK056" time="43.284" classname="TestScripts.srtphone"/>
  <testcase name="test_SrtPhonePerformanceGettingAllSections_WSDK064" time="9.887" classname="TestScripts.srtphone"/>
  <testcase name="test_clickingOnLinksinsrtphonePerformancepage_WSDK065" time="0.222" classname="TestScripts.srtphone"/>
  <testcase name="test_srtphonePerformanceHeader_WSDK066" time="1.225" classname="TestScripts.srtphone"/>
  <testcase name="test_srtphonePerformancefooter_WSDK067" time="33.431" classname="TestScripts.srtphone"/>
  <testcase name="test_srtphonePerformanceHeaderAndFooterCSS_WSDK068" time="0.091" classname="TestScripts.srtphone"/>
  <testcase name="test_GettingBackgroundImageOfsrtphonePerformancePage_WSDK069" time="3.981" classname="TestScripts.srtphone">
    <failure type="java.lang.AssertionError" message="expected [true] but found [false]">
      <![CDATA[java.lang.AssertionError: expected [true] but found [false]at org.testng.Assert.fail(Assert.java:96)at org.testng.Assert.failNotEquals(Assert.java:776)at org.testng.Assert.assertTrue(Assert.java:44)at org.testng.Assert.assertTrue(Assert.java:54)at Common.MethodsCalling.BackGroundImageOfSection3(MethodsCalling.java:2138)at TestScripts.srtphone.test_GettingBackgroundImageOfsrtphonePerformancePage_WSDK069(srtphone.java:569)at sun.reflect.NativeMethodAccessorImpl.invoke0(Native Method)at sun.reflect.NativeMethodAccessorImpl.invoke(NativeMethodAccessorImpl.java:62)at sun.reflect.DelegatingMethodAccessorImpl.invoke(DelegatingMethodAccessorImpl.java:43)at java.lang.reflect.Method.invoke(Method.java:498)at org.testng.internal.MethodInvocationHelper.invokeMethod(MethodInvocationHelper.java:124)at org.testng.internal.Invoker.invokeMethod(Invoker.java:571)at org.testng.internal.Invoker.invokeTestMethod(Invoker.java:707)at org.testng.internal.Invoker.invokeTestMethods(Invoker.java:979)at org.testng.internal.TestMethodWorker.invokeTestMethods(TestMethodWorker.java:125)at org.testng.internal.TestMethodWorker.run(TestMethodWorker.java:109)at org.testng.TestRunner.privateRun(TestRunner.java:648)at org.testng.TestRunner.run(TestRunner.java:505)at org.testng.SuiteRunner.runTest(SuiteRunner.java:455)at org.testng.SuiteRunner.runSequentially(SuiteRunner.java:450)at org.testng.SuiteRunner.privateRun(SuiteRunner.java:415)at org.testng.SuiteRunner.run(SuiteRunner.java:364)at org.testng.SuiteRunnerWorker.runSuite(SuiteRunnerWorker.java:52)at org.testng.SuiteRunnerWorker.run(SuiteRunnerWorker.java:84)at org.testng.TestNG.runSuitesSequentially(TestNG.java:1187)at org.testng.TestNG.runSuitesLocally(TestNG.java:1116)at org.testng.TestNG.runSuites(TestNG.java:1028)at org.testng.TestNG.run(TestNG.java:996)at org.testng.remote.AbstractRemoteTestNG.run(AbstractRemoteTestNG.java:114)at org.testng.remote.RemoteTestNG.initAndRun(RemoteTestNG.java:251)at org.testng.remote.RemoteTestNG.main(RemoteTestNG.java:77)]]>
    </failure>
  </testcase> <!-- test_GettingBackgroundImageOfsrtphonePerformancePage_WSDK069 -->
  <testcase name="test_GettingCSSOFHeadingAndParagraphInsrtphonePPerformancePage_WSDK070" time="0.490" classname="TestScripts.srtphone"/>
  <testcase name="test_CheckingForimagesInthesrtphonePerformancePage_WSDK055" time="0.074" classname="TestScripts.srtphone"/>
  <testcase name="test_SpellcheckinsrtphonePerformancePage_WSDK056" time="31.154" classname="TestScripts.srtphone"/>
  <testcase name="test_SrtPhoneDesignAndBuildGettingAllSections_WSDK064" time="7.533" classname="TestScripts.srtphone"/>
  <testcase name="test_srtphoneDesignAndBuildHeader_WSDK066" time="9.206" classname="TestScripts.srtphone"/>
  <testcase name="test_srtphoneDesignAndBuildfooter_WSDK067" time="37.595" classname="TestScripts.srtphone"/>
  <testcase name="test_srtphoneDesignAndBuildHeaderAndFooterCSS_WSDK068" time="0.152" classname="TestScripts.srtphone"/>
  <testcase name="test_GettingBackgroundImageOfsrtphoneDesignAndBuildPage_WSDK069" time="3.647" classname="TestScripts.srtphone"/>
  <testcase name="test_GettingCSSOFHeadingAndParagraphInsrtphonePDesignAndBuildPage_WSDK070" time="0.283" classname="TestScripts.srtphone"/>
  <testcase name="test_CheckingForimagesInthesrtphoneDesignAndBuildPage_WSDK055" time="0.070" classname="TestScripts.srtphone"/>
  <testcase name="test_SpellcheckinsrtphoneDesignAndBuildPage_WSDK056" time="14.183" classname="TestScripts.srtphone"/>
  <testcase name="test_SrtPhoneTechnologyGettingAllSections_WSDK064" time="10.521" classname="TestScripts.srtphone"/>
  <testcase name="test_srtphoneTechnologyHeader_WSDK066" time="8.525" classname="TestScripts.srtphone"/>
  <testcase name="test_srtphoneTechnologyfooter_WSDK067" time="35.210" classname="TestScripts.srtphone"/>
  <testcase name="test_srtphoneTechnologyHeaderAndFooterCSS_WSDK068" time="0.085" classname="TestScripts.srtphone"/>
  <testcase name="test_GettingBackgroundImageOfsrtphoneTechnologyPage_WSDK069" time="5.322" classname="TestScripts.srtphone"/>
  <testcase name="test_GettingCSSOFHeadingAndParagraphInsrtphonePTechnologyPage_WSDK070" time="0.247" classname="TestScripts.srtphone"/>
  <testcase name="test_CheckingForimagesInthesrtphoneTechnologyPage_WSDK055" time="0.074" classname="TestScripts.srtphone"/>
  <testcase name="test_SpellcheckinsrtphoneTechnologyPage_WSDK056" time="23.587" classname="TestScripts.srtphone"/>
  <testcase name="test_GettingDataInSrtPhoneSpecificationPage_WSDK057" time="2.827" classname="TestScripts.srtphone"/>
  <testcase name="test_SrtPhoneSpecificationsHeader_WSDK058" time="9.878" classname="TestScripts.srtphone"/>
  <testcase name="test_SrtPhoneSpecificationsfooter_WSDK059" time="33.377" classname="TestScripts.srtphone"/>
  <testcase name="test_HeaderAndFooterCSSInSrtPhoneSpecPage_WSDK060" time="0.085" classname="TestScripts.srtphone"/>
  <testcase name="test_CheckingForimagesIntheSrtPhoneSpecificationsPage_WSDK061" time="0.177" classname="TestScripts.srtphone"/>
  <testcase name="test_GettingCSSOFHeadingAndParagraphInTphoneSpecPage_WSDK062" time="0.213" classname="TestScripts.srtphone"/>
  <testcase name="test_SpellcheckinSrtPhoneSpecificationsPage_WSDK063" time="50.544" classname="TestScripts.srtphone"/>
  <testcase name="test_BUYinSrtPhonePage_WSDK063" time="0.328" classname="TestScripts.srtphone"/>
</testsuite> <!-- TestScripts.srtphone -->
